_start
{				//8048300, Tue May 29 13:36:02 2012

}				//_start

.plt
{				//80482d0, Tue May 29 13:36:02 2012

}				//.plt

__libc_csu_init
{				//8048410, Tue May 29 13:36:02 2012

}				//__libc_csu_init

__i686.get_pc_thunk.bx
{				//8048482, Tue May 29 13:36:02 2012

  _init
  {				//8048294, Tue May 29 13:36:02 2012

  }				//_init
  frame_dummy
  {				//134513552, Tue May 29 13:36:02 2012

  }				//frame_dummy
  __do_global_ctors_aux
  {				//134513808, Tue May 29 13:36:02 2012

  }				//__do_global_ctors_aux
}				//__i686.get_pc_thunk.bx

main
{				//134513623, Tue May 29 13:36:02 2012

  a
  {				//134513588, Tue May 29 13:36:02 2012

  }				//a
  b
  {				//134513593, Tue May 29 13:36:02 2012

    a
    {				//134513588, Tue May 29 13:36:02 2012

    }				//a
  }				//b
  c
  {				//134513603, Tue May 29 13:36:02 2012

    b
    {				//134513593, Tue May 29 13:36:02 2012

      a
      {				//134513588, Tue May 29 13:36:02 2012

      }				//a
    }				//b
  }				//c
  d
  {				//134513613, Tue May 29 13:36:02 2012

    c
    {				//134513603, Tue May 29 13:36:02 2012

      b
      {				//134513593, Tue May 29 13:36:02 2012

	a
	{			//134513588, Tue May 29 13:36:02 2012

	}			//a
      }				//b
    }				//c
  }				//d
  c
  {				//134513603, Tue May 29 13:36:02 2012

    b
    {				//134513593, Tue May 29 13:36:02 2012

      a
      {				//134513588, Tue May 29 13:36:02 2012

      }				//a
    }				//b
  }				//c
  b
  {				//134513593, Tue May 29 13:36:02 2012

    a
    {				//134513588, Tue May 29 13:36:02 2012

    }				//a
  }				//b
  a
  {				//134513588, Tue May 29 13:36:02 2012

    _fini
    {				//134513852, Tue May 29 13:36:02 2012

    }				//_fini
    __do_global_dtors_aux
    {				//134513456, Tue May 29 13:36:02 2012

    }				//__do_global_dtors_aux
  }				//a
}				//main

/*The end*/
